<?xml version="1.0" encoding="UTF-8"?>
<!-- Generated by org.testng.reporters.JUnitXMLReporter -->
<testsuite ignored="20" hostname="DESKTOP-PGQQCCA" failures="0" tests="1" name="Doctor Module Tests" time="109.418" errors="0" timestamp="2026-04-16T20:05:56 IST">
  <testcase classname="com.orthofx.smilestream.tests.Doctor.UploadXrayTest" name="inValidMessageDispalyed" time="95.237"/>
  <testcase classname="com.orthofx.smilestream.tests.Doctor.PlanTypeTest" name="verifyFxFullAirFlexPlanSelection" time="0.0">
    <ignored/>
  </testcase> <!-- verifyFxFullAirFlexPlanSelection -->
  <testcase classname="com.orthofx.smilestream.tests.Doctor.ProductSelectionTest" name="FxClearProductSucessFull" time="0.0">
    <ignored/>
  </testcase> <!-- FxClearProductSucessFull -->
  <testcase classname="com.orthofx.smilestream.tests.Doctor.PlanTypeTest" name="verifyFx10AirFlexPlanSelection" time="0.0">
    <ignored/>
  </testcase> <!-- verifyFx10AirFlexPlanSelection -->
  <testcase classname="com.orthofx.smilestream.tests.Doctor.ProductSelectionTest" name="brightProductSucessFull" time="0.0">
    <ignored/>
  </testcase> <!-- brightProductSucessFull -->
  <testcase classname="com.orthofx.smilestream.tests.Doctor.PatientCreationTest" name="termsAndCondition" time="0.0">
    <ignored/>
  </testcase> <!-- termsAndCondition -->
  <testcase classname="com.orthofx.smilestream.tests.Doctor.PatientCreationTest" name="patientCreation" time="0.0">
    <ignored/>
  </testcase> <!-- patientCreation -->
  <testcase classname="com.orthofx.smilestream.tests.Doctor.PatientListingTest" name="addPatient" time="0.0">
    <ignored/>
  </testcase> <!-- addPatient -->
  <testcase classname="com.orthofx.smilestream.tests.Doctor.TreatmentAddOnTest" name="customPricePage" time="0.0">
    <ignored/>
  </testcase> <!-- customPricePage -->
  <testcase classname="com.orthofx.smilestream.tests.Doctor.LoginTest" name="verifyDashboardDisplayed" time="0.0">
    <ignored/>
  </testcase> <!-- verifyDashboardDisplayed -->
  <testcase classname="com.orthofx.smilestream.tests.Doctor.PatientCreationTest" name="validationMessage" time="0.0">
    <ignored/>
  </testcase> <!-- validationMessage -->
  <testcase classname="com.orthofx.smilestream.tests.Doctor.ProductSelectionTest" name="AirFlexProductSucessFull" time="0.0">
    <ignored/>
  </testcase> <!-- AirFlexProductSucessFull -->
  <testcase classname="com.orthofx.smilestream.tests.Doctor.TreatmentSelectionTest" name="retianerTreatmentSucessfull" time="0.0">
    <ignored/>
  </testcase> <!-- retianerTreatmentSucessfull -->
  <testcase classname="com.orthofx.smilestream.tests.Doctor.PatientCreationTest" name="uploadPhoto" time="0.0">
    <ignored/>
  </testcase> <!-- uploadPhoto -->
  <testcase classname="com.orthofx.smilestream.tests.Doctor.PlanTypeTest" name="verifyFxFullBrightPlanSelection" time="0.0">
    <ignored/>
  </testcase> <!-- verifyFxFullBrightPlanSelection -->
  <testcase classname="com.orthofx.smilestream.tests.Doctor.PlanTypeTest" name="verifyFx10BrightPlanSelection" time="0.0">
    <ignored/>
  </testcase> <!-- verifyFx10BrightPlanSelection -->
  <testcase classname="com.orthofx.smilestream.tests.Doctor.PatientCreationTest" name="guardianCheckBoxDisplayed" time="0.0">
    <ignored/>
  </testcase> <!-- guardianCheckBoxDisplayed -->
  <testcase classname="com.orthofx.smilestream.tests.Doctor.TreatmentSelectionTest" name="relapseTreatmentSucessfull" time="0.0">
    <ignored/>
  </testcase> <!-- relapseTreatmentSucessfull -->
  <testcase classname="com.orthofx.smilestream.tests.Doctor.TreatmentSelectionTest" name="alignerTreatmentSucessfull" time="0.0">
    <ignored/>
  </testcase> <!-- alignerTreatmentSucessfull -->
  <testcase classname="com.orthofx.smilestream.tests.Doctor.PlanTypeTest" name="verifyFxFullClearPlanSelection" time="0.0">
    <ignored/>
  </testcase> <!-- verifyFxFullClearPlanSelection -->
  <testcase classname="com.orthofx.smilestream.tests.Doctor.PlanTypeTest" name="verifyFx10ClearPlanSelection" time="0.0">
    <ignored/>
  </testcase> <!-- verifyFx10ClearPlanSelection -->
</testsuite> <!-- Doctor Module Tests -->
