<?xml version="1.0" encoding="UTF-8"?>
<!-- Generated by org.testng.reporters.JUnitReportReporter -->
<testsuite hostname="DESKTOP-PGQQCCA" failures="0" tests="1" name="com.orthofx.smilestream.tests.Doctor.UploadScanTest" time="91.250" errors="0" timestamp="09 Apr 2026 11:54:51 GMT" skipped="0">
  <testcase classname="com.orthofx.smilestream.tests.Doctor.UploadScanTest" name="verifyuploadUpperandLowerTogether" time="91.250"/>
</testsuite> <!-- com.orthofx.smilestream.tests.Doctor.UploadScanTest -->
