<?xml version="1.0" encoding="UTF-8"?>
<!-- Generated by org.testng.reporters.JUnitReportReporter -->
<testsuite hostname="DESKTOP-PGQQCCA" failures="0" tests="6" name="com.orthofx.smilestream.tests.Doctor.PlanTypeTest" time="289.700" errors="0" timestamp="04 Apr 2026 06:56:17 GMT" skipped="0">
  <testcase classname="com.orthofx.smilestream.tests.Doctor.PlanTypeTest" name="selectFx10Tetra" time="52.505"/>
  <testcase classname="com.orthofx.smilestream.tests.Doctor.PlanTypeTest" name="selectFx10Bright" time="44.936"/>
  <testcase classname="com.orthofx.smilestream.tests.Doctor.PlanTypeTest" name="selectFxFull" time="45.583"/>
  <testcase classname="com.orthofx.smilestream.tests.Doctor.PlanTypeTest" name="selectFxFullTetra" time="45.014"/>
  <testcase classname="com.orthofx.smilestream.tests.Doctor.PlanTypeTest" name="selectFxFullBright" time="50.993"/>
  <testcase classname="com.orthofx.smilestream.tests.Doctor.PlanTypeTest" name="selectFx10" time="50.669"/>
</testsuite> <!-- com.orthofx.smilestream.tests.Doctor.PlanTypeTest -->
