<?xml version="1.0" encoding="UTF-8"?>
<!-- Generated by org.testng.reporters.JUnitReportReporter -->
<testsuite hostname="DESKTOP-PGQQCCA" failures="0" tests="3" name="com.orthofx.smilestream.tests.LoginTest" time="42.915" errors="0" timestamp="23 Mar 2026 04:52:54 GMT" skipped="0">
  <testcase classname="com.orthofx.smilestream.tests.LoginTest" name="unsucessfulllogin" time="13.448"/>
  <testcase classname="com.orthofx.smilestream.tests.LoginTest" name="verifyDashboardDisplayed" time="22.331"/>
  <testcase classname="com.orthofx.smilestream.tests.LoginTest" name="validationMessage" time="7.136"/>
</testsuite> <!-- com.orthofx.smilestream.tests.LoginTest -->
