<?xml version="1.0" encoding="UTF-8"?>
<!-- Generated by org.testng.reporters.JUnitReportReporter -->
<testsuite hostname="DESKTOP-PGQQCCA" failures="0" tests="5" name="com.orthofx.smilestream.tests.Doctor.PatientCreationTest" time="110.984" errors="0" timestamp="02 Apr 2026 05:28:30 GMT" skipped="0">
  <testcase classname="com.orthofx.smilestream.tests.Doctor.PatientCreationTest" name="validationMessage" time="15.723"/>
  <testcase classname="com.orthofx.smilestream.tests.Doctor.PatientCreationTest" name="termsAndCondition" time="26.743"/>
  <testcase classname="com.orthofx.smilestream.tests.Doctor.PatientCreationTest" name="patientCreation" time="30.143"/>
  <testcase classname="com.orthofx.smilestream.tests.Doctor.PatientCreationTest" name="guardianCheckBoxDisplayed" time="17.373"/>
  <testcase classname="com.orthofx.smilestream.tests.Doctor.PatientCreationTest" name="uploadPhoto" time="21.002"/>
</testsuite> <!-- com.orthofx.smilestream.tests.Doctor.PatientCreationTest -->
