<?xml version="1.0" encoding="UTF-8"?>
<!-- Generated by org.testng.reporters.JUnitReportReporter -->
<testsuite hostname="DESKTOP-PGQQCCA" failures="0" tests="3" name="com.orthofx.smilestream.tests.Doctor.ProductSelectionTest" time="166.657" errors="0" timestamp="02 Apr 2026 06:46:23 GMT" skipped="0">
  <testcase classname="com.orthofx.smilestream.tests.Doctor.ProductSelectionTest" name="FxClearProductSucessFull" time="53.834"/>
  <testcase classname="com.orthofx.smilestream.tests.Doctor.ProductSelectionTest" name="AirFlexProductSucessFull" time="57.805"/>
  <testcase classname="com.orthofx.smilestream.tests.Doctor.ProductSelectionTest" name="brightProductSucessFull" time="55.018"/>
</testsuite> <!-- com.orthofx.smilestream.tests.Doctor.ProductSelectionTest -->
