<?xml version="1.0" encoding="UTF-8"?>
<!-- Generated by org.testng.reporters.JUnitReportReporter -->
<testsuite hostname="DESKTOP-PGQQCCA" failures="0" tests="3" name="com.orthofx.smilestream.tests.Doctor.TreatmentSelectionTest" time="116.868" errors="0" timestamp="02 Apr 2026 05:36:07 GMT" skipped="0">
  <testcase classname="com.orthofx.smilestream.tests.Doctor.TreatmentSelectionTest" name="relapseTreatmentSucessfull" time="35.587"/>
  <testcase classname="com.orthofx.smilestream.tests.Doctor.TreatmentSelectionTest" name="retianerTreatmentSucessfull" time="39.104"/>
  <testcase classname="com.orthofx.smilestream.tests.Doctor.TreatmentSelectionTest" name="alignerTreatmentSucessfull" time="42.177"/>
</testsuite> <!-- com.orthofx.smilestream.tests.Doctor.TreatmentSelectionTest -->
